[08-Jun-2025 16:08:18 UTC] PHP Warning:  Undefined variable $name_completo in C:\inetpub\wwwroot\almoxarifado\index.php on line 22
[08-Jun-2025 16:08:29 UTC] PHP Warning:  Undefined variable $name_completo in C:\inetpub\wwwroot\almoxarifado\index.php on line 22
[08-Jun-2025 16:40:44 UTC] PHP Parse error:  syntax error, unexpected identifier "violações", expecting "(" in C:\inetpub\wwwroot\almoxarifado\saidas.php on line 113
[08-Jun-2025 22:24:32 UTC] PHP Fatal error:  Uncaught PDOException: SQLSTATE[42S22]: Column not found: 1054 Unknown column 'local_id' in 'field list' in C:\inetpub\wwwroot\almoxarifado\relatorios.php:8
Stack trace:
#0 C:\inetpub\wwwroot\almoxarifado\relatorios.php(8): PDO->query('SELECT local_id...')
#1 {main}
  thrown in C:\inetpub\wwwroot\almoxarifado\relatorios.php on line 8
[08-Jun-2025 22:27:11 UTC] PHP Fatal error:  Uncaught PDOException: SQLSTATE[42S22]: Column not found: 1054 Unknown column 'local_id' in 'field list' in C:\inetpub\wwwroot\almoxarifado\relatorios.php:8
Stack trace:
#0 C:\inetpub\wwwroot\almoxarifado\relatorios.php(8): PDO->query('SELECT local_id...')
#1 {main}
  thrown in C:\inetpub\wwwroot\almoxarifado\relatorios.php on line 8
[08-Jun-2025 22:27:24 UTC] PHP Fatal error:  Uncaught PDOException: SQLSTATE[42S22]: Column not found: 1054 Unknown column 'i.local_id' in 'on clause' in C:\inetpub\wwwroot\almoxarifado\relatorios.php:16
Stack trace:
#0 C:\inetpub\wwwroot\almoxarifado\relatorios.php(16): PDO->query('SELECT i.codigo...')
#1 {main}
  thrown in C:\inetpub\wwwroot\almoxarifado\relatorios.php on line 16
[08-Jun-2025 22:45:28 UTC] PHP Warning:  Undefined variable $saidas_por_mes in C:\inetpub\wwwroot\almoxarifado\saidas.php on line 156
[08-Jun-2025 22:45:28 UTC] PHP Warning:  foreach() argument must be of type array|object, null given in C:\inetpub\wwwroot\almoxarifado\saidas.php on line 156
[08-Jun-2025 22:45:56 UTC] PHP Warning:  Undefined variable $saidas_por_mes in C:\inetpub\wwwroot\almoxarifado\saidas.php on line 156
[08-Jun-2025 22:45:56 UTC] PHP Warning:  foreach() argument must be of type array|object, null given in C:\inetpub\wwwroot\almoxarifado\saidas.php on line 156
[08-Jun-2025 23:08:39 UTC] PHP Warning:  include(includes/config.php): Failed to open stream: No such file or directory in C:\inetpub\wwwroot\almoxarifado\dashboard.php on line 2
[08-Jun-2025 23:08:39 UTC] PHP Warning:  include(): Failed opening 'includes/config.php' for inclusion (include_path='.;C:\php\pear') in C:\inetpub\wwwroot\almoxarifado\dashboard.php on line 2
[08-Jun-2025 23:08:45 UTC] PHP Warning:  include(includes/config.php): Failed to open stream: No such file or directory in C:\inetpub\wwwroot\almoxarifado\dashboard.php on line 2
[08-Jun-2025 23:08:45 UTC] PHP Warning:  include(): Failed opening 'includes/config.php' for inclusion (include_path='.;C:\php\pear') in C:\inetpub\wwwroot\almoxarifado\dashboard.php on line 2
[08-Jun-2025 23:08:55 UTC] PHP Warning:  include(includes/config.php): Failed to open stream: No such file or directory in C:\inetpub\wwwroot\almoxarifado\dashboard.php on line 2
[08-Jun-2025 23:08:55 UTC] PHP Warning:  include(): Failed opening 'includes/config.php' for inclusion (include_path='.;C:\php\pear') in C:\inetpub\wwwroot\almoxarifado\dashboard.php on line 2
[08-Jun-2025 23:09:50 UTC] PHP Warning:  include(includes/config.php): Failed to open stream: No such file or directory in C:\inetpub\wwwroot\almoxarifado\dashboard.php on line 2
[08-Jun-2025 23:09:50 UTC] PHP Warning:  include(): Failed opening 'includes/config.php' for inclusion (include_path='.;C:\php\pear') in C:\inetpub\wwwroot\almoxarifado\dashboard.php on line 2
[08-Jun-2025 23:10:22 UTC] PHP Warning:  include(includes/config.php): Failed to open stream: No such file or directory in C:\inetpub\wwwroot\almoxarifado\dashboard.php on line 2
[08-Jun-2025 23:10:22 UTC] PHP Warning:  include(): Failed opening 'includes/config.php' for inclusion (include_path='.;C:\php\pear') in C:\inetpub\wwwroot\almoxarifado\dashboard.php on line 2
[08-Jun-2025 23:12:17 UTC] PHP Warning:  include(includes/config.php): Failed to open stream: No such file or directory in C:\inetpub\wwwroot\almoxarifado\dashboard.php on line 2
[08-Jun-2025 23:12:17 UTC] PHP Warning:  include(): Failed opening 'includes/config.php' for inclusion (include_path='.;C:\php\pear') in C:\inetpub\wwwroot\almoxarifado\dashboard.php on line 2
[08-Jun-2025 23:12:32 UTC] PHP Warning:  include(includes/config.php): Failed to open stream: No such file or directory in C:\inetpub\wwwroot\almoxarifado\dashboard.php on line 2
[08-Jun-2025 23:12:32 UTC] PHP Warning:  include(): Failed opening 'includes/config.php' for inclusion (include_path='.;C:\php\pear') in C:\inetpub\wwwroot\almoxarifado\dashboard.php on line 2
[08-Jun-2025 23:12:42 UTC] PHP Warning:  include(includes/config.php): Failed to open stream: No such file or directory in C:\inetpub\wwwroot\almoxarifado\dashboard.php on line 2
[08-Jun-2025 23:12:42 UTC] PHP Warning:  include(): Failed opening 'includes/config.php' for inclusion (include_path='.;C:\php\pear') in C:\inetpub\wwwroot\almoxarifado\dashboard.php on line 2
[08-Jun-2025 23:13:27 UTC] PHP Warning:  include(includes/config.php): Failed to open stream: No such file or directory in C:\inetpub\wwwroot\almoxarifado\dashboard.php on line 2
[08-Jun-2025 23:13:27 UTC] PHP Warning:  include(): Failed opening 'includes/config.php' for inclusion (include_path='.;C:\php\pear') in C:\inetpub\wwwroot\almoxarifado\dashboard.php on line 2
[08-Jun-2025 23:13:45 UTC] PHP Warning:  include(includes/config.php): Failed to open stream: No such file or directory in C:\inetpub\wwwroot\almoxarifado\index.php on line 18
[08-Jun-2025 23:13:45 UTC] PHP Warning:  include(): Failed opening 'includes/config.php' for inclusion (include_path='.;C:\php\pear') in C:\inetpub\wwwroot\almoxarifado\index.php on line 18
[08-Jun-2025 23:13:47 UTC] PHP Warning:  include(includes/config.php): Failed to open stream: No such file or directory in C:\inetpub\wwwroot\almoxarifado\index.php on line 18
[08-Jun-2025 23:13:47 UTC] PHP Warning:  include(): Failed opening 'includes/config.php' for inclusion (include_path='.;C:\php\pear') in C:\inetpub\wwwroot\almoxarifado\index.php on line 18
[08-Jun-2025 23:13:47 UTC] PHP Warning:  include(includes/config.php): Failed to open stream: No such file or directory in C:\inetpub\wwwroot\almoxarifado\index.php on line 18
[08-Jun-2025 23:13:47 UTC] PHP Warning:  include(): Failed opening 'includes/config.php' for inclusion (include_path='.;C:\php\pear') in C:\inetpub\wwwroot\almoxarifado\index.php on line 18
[08-Jun-2025 23:14:45 UTC] PHP Warning:  include(includes/config.php): Failed to open stream: No such file or directory in C:\inetpub\wwwroot\almoxarifado\index.php on line 18
[08-Jun-2025 23:14:45 UTC] PHP Warning:  include(): Failed opening 'includes/config.php' for inclusion (include_path='.;C:\php\pear') in C:\inetpub\wwwroot\almoxarifado\index.php on line 18
[08-Jun-2025 23:14:56 UTC] PHP Warning:  include(includes/config.php): Failed to open stream: No such file or directory in C:\inetpub\wwwroot\almoxarifado\index.php on line 18
[08-Jun-2025 23:14:56 UTC] PHP Warning:  include(): Failed opening 'includes/config.php' for inclusion (include_path='.;C:\php\pear') in C:\inetpub\wwwroot\almoxarifado\index.php on line 18
[08-Jun-2025 23:14:56 UTC] PHP Warning:  Undefined variable $conn in C:\inetpub\wwwroot\almoxarifado\index.php on line 20
[08-Jun-2025 23:14:56 UTC] PHP Fatal error:  Uncaught TypeError: mysqli_real_escape_string(): Argument #1 ($mysql) must be of type mysqli, null given in C:\inetpub\wwwroot\almoxarifado\index.php:20
Stack trace:
#0 C:\inetpub\wwwroot\almoxarifado\index.php(20): mysqli_real_escape_string(NULL, 'kenio')
#1 {main}
  thrown in C:\inetpub\wwwroot\almoxarifado\index.php on line 20
[08-Jun-2025 23:16:14 UTC] PHP Warning:  include(includes/config.php): Failed to open stream: No such file or directory in C:\inetpub\wwwroot\almoxarifado\index.php on line 18
[08-Jun-2025 23:16:14 UTC] PHP Warning:  include(): Failed opening 'includes/config.php' for inclusion (include_path='.;C:\php\pear') in C:\inetpub\wwwroot\almoxarifado\index.php on line 18
[08-Jun-2025 23:17:21 UTC] PHP Warning:  include(includes/config.php): Failed to open stream: No such file or directory in C:\inetpub\wwwroot\almoxarifado\index.php on line 18
[08-Jun-2025 23:17:21 UTC] PHP Warning:  include(): Failed opening 'includes/config.php' for inclusion (include_path='.;C:\php\pear') in C:\inetpub\wwwroot\almoxarifado\index.php on line 18
[08-Jun-2025 23:17:21 UTC] PHP Warning:  Undefined variable $conn in C:\inetpub\wwwroot\almoxarifado\index.php on line 20
[08-Jun-2025 23:17:21 UTC] PHP Fatal error:  Uncaught TypeError: mysqli_real_escape_string(): Argument #1 ($mysql) must be of type mysqli, null given in C:\inetpub\wwwroot\almoxarifado\index.php:20
Stack trace:
#0 C:\inetpub\wwwroot\almoxarifado\index.php(20): mysqli_real_escape_string(NULL, 'kenio')
#1 {main}
  thrown in C:\inetpub\wwwroot\almoxarifado\index.php on line 20
[08-Jun-2025 23:23:14 UTC] PHP Warning:  include(includes/config.php): Failed to open stream: No such file or directory in C:\inetpub\wwwroot\almoxarifado\dashboard.php on line 2
[08-Jun-2025 23:23:14 UTC] PHP Warning:  include(): Failed opening 'includes/config.php' for inclusion (include_path='.;C:\php\pear') in C:\inetpub\wwwroot\almoxarifado\dashboard.php on line 2
[08-Jun-2025 23:24:21 UTC] PHP Warning:  include(includes/config.php): Failed to open stream: No such file or directory in C:\inetpub\wwwroot\almoxarifado\dashboard.php on line 2
[08-Jun-2025 23:24:21 UTC] PHP Warning:  include(): Failed opening 'includes/config.php' for inclusion (include_path='.;C:\php\pear') in C:\inetpub\wwwroot\almoxarifado\dashboard.php on line 2
[08-Jun-2025 23:25:59 UTC] PHP Warning:  include(includes/config.php): Failed to open stream: No such file or directory in C:\inetpub\wwwroot\almoxarifado\dashboard.php on line 2
[08-Jun-2025 23:25:59 UTC] PHP Warning:  include(): Failed opening 'includes/config.php' for inclusion (include_path='.;C:\php\pear') in C:\inetpub\wwwroot\almoxarifado\dashboard.php on line 2
